Copyright 1986-2019 Xilinx, Inc. All Rights Reserved.
------------------------------------------------------------------------------------------------------
| Tool Version : Vivado v.2019.1 (win64) Build 2552052 Fri May 24 14:49:42 MDT 2019
| Date         : Tue Jul  7 15:49:35 2020
| Host         : LAPTOP-GBOUD091 running 64-bit major release  (build 9200)
| Command      : report_control_sets -verbose -file mDOM_pin_verification_top_control_sets_placed.rpt
| Design       : mDOM_pin_verification_top
| Device       : xc7s100
------------------------------------------------------------------------------------------------------

Control Set Information

Table of Contents
-----------------
1. Summary
2. Histogram
3. Flip-Flop Distribution
4. Detailed Control Set Information

1. Summary
----------

+----------------------------------------------------------+-------+
|                          Status                          | Count |
+----------------------------------------------------------+-------+
| Total control sets                                       |     3 |
|    Minimum number of control sets                        |     3 |
|    Addition due to synthesis replication                 |     0 |
|    Addition due to physical synthesis replication        |     0 |
| Unused register locations in slices containing registers |     2 |
+----------------------------------------------------------+-------+
* Control sets can be merged at opt_design using control_set_merge or merge_equivalent_drivers
** Run report_qor_suggestions for automated merging and remapping suggestions


2. Histogram
------------

+--------------------+-------+
|       Fanout       | Count |
+--------------------+-------+
| Total control sets |     3 |
| >= 0 to < 4        |     0 |
| >= 4 to < 6        |     0 |
| >= 6 to < 8        |     1 |
| >= 8 to < 10       |     0 |
| >= 10 to < 12      |     0 |
| >= 12 to < 14      |     0 |
| >= 14 to < 16      |     0 |
| >= 16              |     2 |
+--------------------+-------+
* Control sets can be remapped at either synth_design or opt_design


3. Flip-Flop Distribution
-------------------------

+--------------+-----------------------+------------------------+-----------------+--------------+
| Clock Enable | Synchronous Set/Reset | Asynchronous Set/Reset | Total Registers | Total Slices |
+--------------+-----------------------+------------------------+-----------------+--------------+
| No           | No                    | No                     |             943 |          260 |
| No           | No                    | Yes                    |               0 |            0 |
| No           | Yes                   | No                     |               0 |            0 |
| Yes          | No                    | No                     |               0 |            0 |
| Yes          | No                    | Yes                    |               0 |            0 |
| Yes          | Yes                   | No                     |               7 |            2 |
+--------------+-----------------------+------------------------+-----------------+--------------+


4. Detailed Control Set Information
-----------------------------------

+---------------------------------------+-----------------------------+-----------------------------+------------------+----------------+
|              Clock Signal             |        Enable Signal        |       Set/Reset Signal      | Slice Load Count | Bel Load Count |
+---------------------------------------+-----------------------------+-----------------------------+------------------+----------------+
|  LCLK_ADCCLK_WIZ_0/inst/clk_out1      | io_reset_counter[6]_i_2_n_0 | io_reset_counter[6]_i_1_n_0 |                2 |              7 |
|  IDELAY_DISCR_CLK_WIZ_0/inst/clk_out3 |                             |                             |               69 |            216 |
|  LCLK_ADCCLK_WIZ_0/inst/clk_out1      |                             |                             |              191 |           1015 |
+---------------------------------------+-----------------------------+-----------------------------+------------------+----------------+


